<?xml version="1.0" encoding="UTF-8"?>
<testsuite xmlns:xsi="http://www.w3.org/2001/XMLSchema-instance" xsi:noNamespaceSchemaLocation="https://maven.apache.org/surefire/maven-surefire-plugin/xsd/surefire-test-report-3.0.xsd" version="3.0" name="com.app.inventory.integration.InventoryIntegrationTest" time="45.985" tests="1" errors="0" skipped="0" failures="1">
  <properties>
[...]
</properties>
  <testcase name="shouldUpdateStockAndPublishEvent" classname="com.app.inventory.integration.InventoryIntegrationTest" time="31.329">
    <failure message="expected: &lt;0fd86850-76fb-4098-8504-6c75e1a36605&gt; but was: &lt;aa6dbebf-96e3-4d3c-b305-14185aab3106&gt;" type="org.opentest4j.AssertionFailedError"><![CDATA[org.opentest4j.AssertionFailedError: expected: <0fd86850-76fb-4098-8504-6c75e1a36605> but was: <aa6dbebf-96e3-4d3c-b305-14185aab3106>
	at org.junit.jupiter.api.AssertionFailureBuilder.build(AssertionFailureBuilder.java:151)
	at org.junit.jupiter.api.AssertionFailureBuilder.buildAndThrow(AssertionFailureBuilder.java:132)
	at org.junit.jupiter.api.AssertEquals.failNotEqual(AssertEquals.java:197)
	at org.junit.jupiter.api.AssertEquals.assertEquals(AssertEquals.java:182)
	at org.junit.jupiter.api.AssertEquals.assertEquals(AssertEquals.java:177)
	at org.junit.jupiter.api.Assertions.assertEquals(Assertions.java:1145)
	at com.app.inventory.integration.InventoryIntegrationTest.shouldUpdateStockAndPublishEvent(InventoryIntegrationTest.java:136)
	at java.base/java.lang.reflect.Method.invoke(Method.java:580)
	at java.base/java.util.ArrayList.forEach(ArrayList.java:1596)
	at java.base/java.util.ArrayList.forEach(ArrayList.java:1596)
]]></failure>
    <system-out><![CDATA[14:27:05.519 [main] INFO org.springframework.test.context.support.AnnotationConfigContextLoaderUtils -- Could not detect default configuration classes for test class [com.app.inventory.integration.InventoryIntegrationTest]: InventoryIntegrationTest does not declare any static, non-private, non-final, nested classes annotated with @Configuration.
14:27:05.616 [main] INFO org.springframework.boot.test.context.SpringBootTestContextBootstrapper -- Found @SpringBootConfiguration com.app.inventory.InventoryServiceApplication for test class com.app.inventory.integration.InventoryIntegrationTest
14:27:05.769 [main] INFO org.testcontainers.images.PullPolicy -- Image pull policy will be performed by: DefaultPullPolicy()
14:27:05.774 [main] INFO org.testcontainers.utility.ImageNameSubstitutor -- Image name substitution will be performed by: DefaultImageNameSubstitutor (composite of 'ConfigurationFileImageNameSubstitutor' and 'PrefixingImageNameSubstitutor')
14:27:06.052 [main] INFO org.testcontainers.dockerclient.DockerClientProviderStrategy -- Loaded org.testcontainers.dockerclient.NpipeSocketClientProviderStrategy from ~/.testcontainers.properties, will try it first
14:27:06.305 [main] INFO org.testcontainers.dockerclient.DockerClientProviderStrategy -- Found Docker environment with local Npipe socket (npipe:////./pipe/docker_engine)
14:27:06.305 [main] INFO org.testcontainers.DockerClientFactory -- Docker host IP address is localhost
14:27:06.324 [main] INFO org.testcontainers.DockerClientFactory -- Connected to docker: 
  Server Version: 27.3.1
  API Version: 1.47
  Operating System: Docker Desktop
  Total Memory: 15797 MB
14:27:06.411 [main] INFO tc.testcontainers/ryuk:0.5.1 -- Creating container for image: testcontainers/ryuk:0.5.1
14:27:06.583 [main] INFO org.testcontainers.utility.RegistryAuthLocator -- Credential helper/store (docker-credential-desktop) does not have credentials for https://index.docker.io/v1/
14:27:06.710 [main] INFO tc.testcontainers/ryuk:0.5.1 -- Container testcontainers/ryuk:0.5.1 is starting: 86e809893951dacea50a65baa835745dbc5ff145dbb99a5216bcf5866226ba8d
14:27:07.076 [main] INFO tc.testcontainers/ryuk:0.5.1 -- Container testcontainers/ryuk:0.5.1 started in PT0.6653362S
14:27:07.084 [main] INFO org.testcontainers.utility.RyukResourceReaper -- Ryuk started - will monitor and terminate Testcontainers containers on JVM exit
14:27:07.084 [main] INFO org.testcontainers.DockerClientFactory -- Checking the system...
14:27:07.084 [main] INFO org.testcontainers.DockerClientFactory -- ✔︎ Docker server version should be at least 1.6.0
14:27:07.085 [main] INFO tc.confluentinc/cp-kafka:7.3.0 -- Creating container for image: confluentinc/cp-kafka:7.3.0
14:27:07.156 [main] INFO tc.confluentinc/cp-kafka:7.3.0 -- Container confluentinc/cp-kafka:7.3.0 is starting: 0eca440c7b1886409fb4358eb333e3d4f94cf8d9718d23955b55aaf260e78957
14:27:11.379 [main] INFO tc.confluentinc/cp-kafka:7.3.0 -- Container confluentinc/cp-kafka:7.3.0 started in PT4.2944899S
14:27:11.380 [main] INFO tc.postgres:15-alpine -- Creating container for image: postgres:15-alpine
14:27:11.475 [main] INFO tc.postgres:15-alpine -- Container postgres:15-alpine is starting: 4d5db1ed592fec6bb0cada8bd62bb6736afbdc947b90c7d8869ea11bca560383
14:27:12.871 [main] INFO tc.postgres:15-alpine -- Container postgres:15-alpine started in PT1.4913671S
14:27:12.872 [main] INFO tc.postgres:15-alpine -- Container is started (JDBC URL: jdbc:postgresql://localhost:58745/test?loggerLevel=OFF)

  .   ____          _            __ _ _
 /\\ / ___'_ __ _ _(_)_ __  __ _ \ \ \ \
( ( )\___ | '_ | '_| | '_ \/ _` | \ \ \ \
 \\/  ___)| |_)| | | | | || (_| |  ) ) ) )
  '  |____| .__|_| |_|_| |_\__, | / / / /
 =========|_|==============|___/=/_/_/_/
 :: Spring Boot ::                (v3.2.0)

2025-03-06T14:27:13.177-03:00  INFO 47456 --- [           main] c.a.i.i.InventoryIntegrationTest         : Starting InventoryIntegrationTest using Java 21.0.5 with PID 47456 (started by Administrator in C:\Users\Administrator\Documents\inventory-service)
2025-03-06T14:27:13.178-03:00  INFO 47456 --- [           main] c.a.i.i.InventoryIntegrationTest         : No active profile set, falling back to 1 default profile: "default"
2025-03-06T14:27:14.073-03:00  INFO 47456 --- [           main] .s.d.r.c.RepositoryConfigurationDelegate : Bootstrapping Spring Data JPA repositories in DEFAULT mode.
2025-03-06T14:27:14.121-03:00  INFO 47456 --- [           main] .s.d.r.c.RepositoryConfigurationDelegate : Finished Spring Data repository scanning in 41 ms. Found 1 JPA repository interface.
2025-03-06T14:27:15.042-03:00  INFO 47456 --- [           main] o.s.b.w.embedded.tomcat.TomcatWebServer  : Tomcat initialized with port 0 (http)
2025-03-06T14:27:15.042-03:00  INFO 47456 --- [           main] o.apache.catalina.core.StandardService   : Starting service [Tomcat]
2025-03-06T14:27:15.042-03:00  INFO 47456 --- [           main] o.apache.catalina.core.StandardEngine    : Starting Servlet engine: [Apache Tomcat/10.1.16]
2025-03-06T14:27:15.122-03:00  INFO 47456 --- [           main] o.a.c.c.C.[Tomcat].[localhost].[/]       : Initializing Spring embedded WebApplicationContext
2025-03-06T14:27:15.138-03:00  INFO 47456 --- [           main] w.s.c.ServletWebServerApplicationContext : Root WebApplicationContext: initialization completed in 1944 ms
2025-03-06T14:27:15.426-03:00  INFO 47456 --- [           main] com.zaxxer.hikari.HikariDataSource       : HikariPool-1 - Starting...
2025-03-06T14:27:15.598-03:00  INFO 47456 --- [           main] com.zaxxer.hikari.pool.HikariPool        : HikariPool-1 - Added connection org.postgresql.jdbc.PgConnection@a5d23c9
2025-03-06T14:27:15.599-03:00  INFO 47456 --- [           main] com.zaxxer.hikari.HikariDataSource       : HikariPool-1 - Start completed.
2025-03-06T14:27:15.701-03:00  INFO 47456 --- [           main] o.hibernate.jpa.internal.util.LogHelper  : HHH000204: Processing PersistenceUnitInfo [name: default]
2025-03-06T14:27:15.784-03:00  INFO 47456 --- [           main] org.hibernate.Version                    : HHH000412: Hibernate ORM core version 6.3.1.Final
2025-03-06T14:27:15.833-03:00  INFO 47456 --- [           main] o.h.c.internal.RegionFactoryInitiator    : HHH000026: Second-level cache disabled
2025-03-06T14:27:16.224-03:00  INFO 47456 --- [           main] o.s.o.j.p.SpringPersistenceUnitInfo      : No LoadTimeWeaver setup: ignoring JPA class transformer
2025-03-06T14:27:16.273-03:00  WARN 47456 --- [           main] org.hibernate.orm.deprecation            : HHH90000025: PostgreSQLDialect does not need to be specified explicitly using 'hibernate.dialect' (remove the property setting and it will be selected by default)
2025-03-06T14:27:17.045-03:00  INFO 47456 --- [           main] o.h.e.t.j.p.i.JtaPlatformInitiator       : HHH000489: No JTA platform available (set 'hibernate.transaction.jta.platform' to enable JTA platform integration)
2025-03-06T14:27:17.098-03:00  WARN 47456 --- [           main] o.h.engine.jdbc.spi.SqlExceptionHelper   : SQL Warning Code: 0, SQLState: 00000
2025-03-06T14:27:17.098-03:00  WARN 47456 --- [           main] o.h.engine.jdbc.spi.SqlExceptionHelper   : constraint "uk_86lj24eolmbisbd4n4iuwrqwg" of relation "inventory_item" does not exist, skipping
2025-03-06T14:27:17.104-03:00  INFO 47456 --- [           main] j.LocalContainerEntityManagerFactoryBean : Initialized JPA EntityManagerFactory for persistence unit 'default'
2025-03-06T14:27:17.443-03:00  INFO 47456 --- [           main] o.s.d.j.r.query.QueryEnhancerFactory     : Hibernate is in classpath; If applicable, HQL parser will be used.
2025-03-06T14:27:18.078-03:00  WARN 47456 --- [           main] JpaBaseConfiguration$JpaWebConfiguration : spring.jpa.open-in-view is enabled by default. Therefore, database queries may be performed during view rendering. Explicitly configure spring.jpa.open-in-view to disable this warning
2025-03-06T14:27:18.122-03:00  WARN 47456 --- [           main] .s.s.UserDetailsServiceAutoConfiguration : 

Using generated security password: 29afb465-99ab-42a8-a148-7caf3fdacb4d

This generated password is for development use only. Your security configuration must be updated before running your application in production.

2025-03-06T14:27:18.597-03:00  INFO 47456 --- [           main] o.s.b.a.e.web.EndpointLinksResolver      : Exposing 1 endpoint(s) beneath base path '/actuator'
2025-03-06T14:27:18.613-03:00  INFO 47456 --- [           main] o.s.s.web.DefaultSecurityFilterChain     : Will secure any request with [org.springframework.security.web.session.DisableEncodeUrlFilter@6a6e6278, org.springframework.security.web.context.request.async.WebAsyncManagerIntegrationFilter@296eda6c, org.springframework.security.web.context.SecurityContextHolderFilter@70a416c, org.springframework.security.web.header.HeaderWriterFilter@1d302061, org.springframework.web.filter.CorsFilter@42c82f73, org.springframework.security.web.authentication.logout.LogoutFilter@7f16cf71, org.springframework.security.web.savedrequest.RequestCacheAwareFilter@c55b4d0, org.springframework.security.web.servletapi.SecurityContextHolderAwareRequestFilter@2638500, org.springframework.security.web.authentication.AnonymousAuthenticationFilter@291b3e68, org.springframework.security.web.access.ExceptionTranslationFilter@59606589, org.springframework.security.web.access.intercept.AuthorizationFilter@266200f6]
2025-03-06T14:27:19.191-03:00  INFO 47456 --- [           main] o.s.b.w.embedded.tomcat.TomcatWebServer  : Tomcat started on port 58757 (http) with context path ''
2025-03-06T14:27:19.197-03:00  INFO 47456 --- [           main] c.a.i.i.InventoryIntegrationTest         : Started InventoryIntegrationTest in 6.293 seconds (process running for 14.368)
2025-03-06T14:27:19.798-03:00  INFO 47456 --- [o-auto-1-exec-1] o.a.c.c.C.[Tomcat].[localhost].[/]       : Initializing Spring DispatcherServlet 'dispatcherServlet'
2025-03-06T14:27:19.798-03:00  INFO 47456 --- [o-auto-1-exec-1] o.s.web.servlet.DispatcherServlet        : Initializing Servlet 'dispatcherServlet'
2025-03-06T14:27:19.798-03:00  INFO 47456 --- [o-auto-1-exec-1] o.s.web.servlet.DispatcherServlet        : Completed initialization in 0 ms
2025-03-06T14:27:19.813-03:00  WARN 47456 --- [o-auto-1-exec-1] o.s.w.s.h.HandlerMappingIntrospector     : Cache miss for REQUEST dispatch to '/api/v1/inventory' (previous null). Performing CorsConfiguration lookup. This is logged once only at WARN level, and every time at TRACE.
Created item: InventoryItem{id=0fd86850-76fb-4098-8504-6c75e1a36605, name='Laptop', quantity=15, price=10.0}
2025-03-06T14:27:20.134-03:00  INFO 47456 --- [o-auto-1-exec-2] o.a.k.clients.producer.ProducerConfig    : ProducerConfig values: 
	acks = -1
	auto.include.jmx.reporter = true
	batch.size = 16384
	bootstrap.servers = [localhost:9092]
	buffer.memory = 33554432
	client.dns.lookup = use_all_dns_ips
	client.id = producer-1
	compression.type = none
	connections.max.idle.ms = 540000
	delivery.timeout.ms = 120000
	enable.idempotence = true
	interceptor.classes = []
	key.serializer = class org.apache.kafka.common.serialization.StringSerializer
	linger.ms = 0
	max.block.ms = 60000
	max.in.flight.requests.per.connection = 5
	max.request.size = 1048576
	metadata.max.age.ms = 300000
	metadata.max.idle.ms = 300000
	metric.reporters = []
	metrics.num.samples = 2
	metrics.recording.level = INFO
	metrics.sample.window.ms = 30000
	partitioner.adaptive.partitioning.enable = true
	partitioner.availability.timeout.ms = 0
	partitioner.class = null
	partitioner.ignore.keys = false
	receive.buffer.bytes = 32768
	reconnect.backoff.max.ms = 1000
	reconnect.backoff.ms = 50
	request.timeout.ms = 30000
	retries = 2147483647
	retry.backoff.ms = 100
	sasl.client.callback.handler.class = null
	sasl.jaas.config = null
	sasl.kerberos.kinit.cmd = /usr/bin/kinit
	sasl.kerberos.min.time.before.relogin = 60000
	sasl.kerberos.service.name = null
	sasl.kerberos.ticket.renew.jitter = 0.05
	sasl.kerberos.ticket.renew.window.factor = 0.8
	sasl.login.callback.handler.class = null
	sasl.login.class = null
	sasl.login.connect.timeout.ms = null
	sasl.login.read.timeout.ms = null
	sasl.login.refresh.buffer.seconds = 300
	sasl.login.refresh.min.period.seconds = 60
	sasl.login.refresh.window.factor = 0.8
	sasl.login.refresh.window.jitter = 0.05
	sasl.login.retry.backoff.max.ms = 10000
	sasl.login.retry.backoff.ms = 100
	sasl.mechanism = GSSAPI
	sasl.oauthbearer.clock.skew.seconds = 30
	sasl.oauthbearer.expected.audience = null
	sasl.oauthbearer.expected.issuer = null
	sasl.oauthbearer.jwks.endpoint.refresh.ms = 3600000
	sasl.oauthbearer.jwks.endpoint.retry.backoff.max.ms = 10000
	sasl.oauthbearer.jwks.endpoint.retry.backoff.ms = 100
	sasl.oauthbearer.jwks.endpoint.url = null
	sasl.oauthbearer.scope.claim.name = scope
	sasl.oauthbearer.sub.claim.name = sub
	sasl.oauthbearer.token.endpoint.url = null
	security.protocol = PLAINTEXT
	security.providers = null
	send.buffer.bytes = 131072
	socket.connection.setup.timeout.max.ms = 30000
	socket.connection.setup.timeout.ms = 10000
	ssl.cipher.suites = null
	ssl.enabled.protocols = [TLSv1.2, TLSv1.3]
	ssl.endpoint.identification.algorithm = https
	ssl.engine.factory.class = null
	ssl.key.password = null
	ssl.keymanager.algorithm = SunX509
	ssl.keystore.certificate.chain = null
	ssl.keystore.key = null
	ssl.keystore.location = null
	ssl.keystore.password = null
	ssl.keystore.type = JKS
	ssl.protocol = TLSv1.3
	ssl.provider = null
	ssl.secure.random.implementation = null
	ssl.trustmanager.algorithm = PKIX
	ssl.truststore.certificates = null
	ssl.truststore.location = null
	ssl.truststore.password = null
	ssl.truststore.type = JKS
	transaction.timeout.ms = 60000
	transactional.id = null
	value.serializer = class org.springframework.kafka.support.serializer.JsonSerializer

2025-03-06T14:27:20.181-03:00  INFO 47456 --- [o-auto-1-exec-2] o.a.k.clients.producer.KafkaProducer     : [Producer clientId=producer-1] Instantiated an idempotent producer.
2025-03-06T14:27:20.220-03:00  INFO 47456 --- [o-auto-1-exec-2] o.a.kafka.common.utils.AppInfoParser     : Kafka version: 3.6.0
2025-03-06T14:27:20.220-03:00  INFO 47456 --- [o-auto-1-exec-2] o.a.kafka.common.utils.AppInfoParser     : Kafka commitId: 60e845626d8a465a
2025-03-06T14:27:20.220-03:00  INFO 47456 --- [o-auto-1-exec-2] o.a.kafka.common.utils.AppInfoParser     : Kafka startTimeMs: 1741282040218
2025-03-06T14:27:20.222-03:00 DEBUG 47456 --- [o-auto-1-exec-2] o.s.k.core.DefaultKafkaProducerFactory   : Created new Producer: CloseSafeProducer [delegate=org.apache.kafka.clients.producer.KafkaProducer@dbcca9d]
2025-03-06T14:27:20.481-03:00  INFO 47456 --- [ad | producer-1] org.apache.kafka.clients.Metadata        : [Producer clientId=producer-1] Cluster ID: IUEsHL4AQaewVdXJjLTF3A
2025-03-06T14:27:20.481-03:00  INFO 47456 --- [ad | producer-1] o.a.k.c.p.internals.TransactionManager   : [Producer clientId=producer-1] ProducerId set to 5 with epoch 0
2025-03-06T14:27:20.506-03:00  INFO 47456 --- [           main] o.a.k.clients.consumer.ConsumerConfig    : ConsumerConfig values: 
	allow.auto.create.topics = true
	auto.commit.interval.ms = 5000
	auto.include.jmx.reporter = true
	auto.offset.reset = earliest
	bootstrap.servers = [localhost:9092]
	check.crcs = true
	client.dns.lookup = use_all_dns_ips
	client.id = consumer-test-group-1
	client.rack = 
	connections.max.idle.ms = 540000
	default.api.timeout.ms = 60000
	enable.auto.commit = true
	exclude.internal.topics = true
	fetch.max.bytes = 52428800
	fetch.max.wait.ms = 500
	fetch.min.bytes = 1
	group.id = test-group
	group.instance.id = null
	heartbeat.interval.ms = 3000
	interceptor.classes = []
	internal.leave.group.on.close = true
	internal.throw.on.fetch.stable.offset.unsupported = false
	isolation.level = read_uncommitted
	key.deserializer = class org.apache.kafka.common.serialization.StringDeserializer
	max.partition.fetch.bytes = 1048576
	max.poll.interval.ms = 300000
	max.poll.records = 1
	metadata.max.age.ms = 300000
	metric.reporters = []
	metrics.num.samples = 2
	metrics.recording.level = INFO
	metrics.sample.window.ms = 30000
	partition.assignment.strategy = [class org.apache.kafka.clients.consumer.RangeAssignor, class org.apache.kafka.clients.consumer.CooperativeStickyAssignor]
	receive.buffer.bytes = 65536
	reconnect.backoff.max.ms = 1000
	reconnect.backoff.ms = 50
	request.timeout.ms = 30000
	retry.backoff.ms = 100
	sasl.client.callback.handler.class = null
	sasl.jaas.config = null
	sasl.kerberos.kinit.cmd = /usr/bin/kinit
	sasl.kerberos.min.time.before.relogin = 60000
	sasl.kerberos.service.name = null
	sasl.kerberos.ticket.renew.jitter = 0.05
	sasl.kerberos.ticket.renew.window.factor = 0.8
	sasl.login.callback.handler.class = null
	sasl.login.class = null
	sasl.login.connect.timeout.ms = null
	sasl.login.read.timeout.ms = null
	sasl.login.refresh.buffer.seconds = 300
	sasl.login.refresh.min.period.seconds = 60
	sasl.login.refresh.window.factor = 0.8
	sasl.login.refresh.window.jitter = 0.05
	sasl.login.retry.backoff.max.ms = 10000
	sasl.login.retry.backoff.ms = 100
	sasl.mechanism = GSSAPI
	sasl.oauthbearer.clock.skew.seconds = 30
	sasl.oauthbearer.expected.audience = null
	sasl.oauthbearer.expected.issuer = null
	sasl.oauthbearer.jwks.endpoint.refresh.ms = 3600000
	sasl.oauthbearer.jwks.endpoint.retry.backoff.max.ms = 10000
	sasl.oauthbearer.jwks.endpoint.retry.backoff.ms = 100
	sasl.oauthbearer.jwks.endpoint.url = null
	sasl.oauthbearer.scope.claim.name = scope
	sasl.oauthbearer.sub.claim.name = sub
	sasl.oauthbearer.token.endpoint.url = null
	security.protocol = PLAINTEXT
	security.providers = null
	send.buffer.bytes = 131072
	session.timeout.ms = 45000
	socket.connection.setup.timeout.max.ms = 30000
	socket.connection.setup.timeout.ms = 10000
	ssl.cipher.suites = null
	ssl.enabled.protocols = [TLSv1.2, TLSv1.3]
	ssl.endpoint.identification.algorithm = https
	ssl.engine.factory.class = null
	ssl.key.password = null
	ssl.keymanager.algorithm = SunX509
	ssl.keystore.certificate.chain = null
	ssl.keystore.key = null
	ssl.keystore.location = null
	ssl.keystore.password = null
	ssl.keystore.type = JKS
	ssl.protocol = TLSv1.3
	ssl.provider = null
	ssl.secure.random.implementation = null
	ssl.trustmanager.algorithm = PKIX
	ssl.truststore.certificates = null
	ssl.truststore.location = null
	ssl.truststore.password = null
	ssl.truststore.type = JKS
	value.deserializer = class org.springframework.kafka.support.serializer.JsonDeserializer

2025-03-06T14:27:20.508-03:00 DEBUG 47456 --- [           main] fkaConsumerFactory$ExtendedKafkaConsumer : [Consumer clientId=consumer-test-group-1, groupId=test-group] Initializing the Kafka consumer
2025-03-06T14:27:20.539-03:00  INFO 47456 --- [           main] o.a.k.clients.consumer.ConsumerConfig    : These configurations '[spring.json.trusted.packages]' were supplied but are not used yet.
2025-03-06T14:27:20.539-03:00  INFO 47456 --- [           main] o.a.kafka.common.utils.AppInfoParser     : Kafka version: 3.6.0
2025-03-06T14:27:20.539-03:00  INFO 47456 --- [           main] o.a.kafka.common.utils.AppInfoParser     : Kafka commitId: 60e845626d8a465a
2025-03-06T14:27:20.539-03:00  INFO 47456 --- [           main] o.a.kafka.common.utils.AppInfoParser     : Kafka startTimeMs: 1741282040539
2025-03-06T14:27:20.539-03:00 DEBUG 47456 --- [           main] fkaConsumerFactory$ExtendedKafkaConsumer : [Consumer clientId=consumer-test-group-1, groupId=test-group] Kafka consumer initialized
2025-03-06T14:27:20.539-03:00  INFO 47456 --- [           main] fkaConsumerFactory$ExtendedKafkaConsumer : [Consumer clientId=consumer-test-group-1, groupId=test-group] Assigned to partition(s): inventory-updates-0
2025-03-06T14:27:20.539-03:00  INFO 47456 --- [           main] fkaConsumerFactory$ExtendedKafkaConsumer : [Consumer clientId=consumer-test-group-1, groupId=test-group] Seeking to offset 0 for partition inventory-updates-0
2025-03-06T14:27:20.555-03:00  INFO 47456 --- [           main] org.apache.kafka.clients.Metadata        : [Consumer clientId=consumer-test-group-1, groupId=test-group] Cluster ID: IUEsHL4AQaewVdXJjLTF3A
2025-03-06T14:27:50.587-03:00  INFO 47456 --- [           main] o.a.k.c.c.internals.ConsumerCoordinator  : [Consumer clientId=consumer-test-group-1, groupId=test-group] Resetting generation and member id due to: consumer pro-actively leaving the group
2025-03-06T14:27:50.587-03:00  INFO 47456 --- [           main] o.a.k.c.c.internals.ConsumerCoordinator  : [Consumer clientId=consumer-test-group-1, groupId=test-group] Request joining group due to: consumer pro-actively leaving the group
2025-03-06T14:27:50.589-03:00  INFO 47456 --- [           main] o.apache.kafka.common.metrics.Metrics    : Metrics scheduler closed
2025-03-06T14:27:50.589-03:00  INFO 47456 --- [           main] o.apache.kafka.common.metrics.Metrics    : Closing reporter org.apache.kafka.common.metrics.JmxReporter
2025-03-06T14:27:50.589-03:00  INFO 47456 --- [           main] o.apache.kafka.common.metrics.Metrics    : Metrics reporters closed
2025-03-06T14:27:50.593-03:00  INFO 47456 --- [           main] o.a.kafka.common.utils.AppInfoParser     : App info kafka.consumer for consumer-test-group-1 unregistered
2025-03-06T14:27:50.593-03:00 DEBUG 47456 --- [           main] fkaConsumerFactory$ExtendedKafkaConsumer : [Consumer clientId=consumer-test-group-1, groupId=test-group] Kafka consumer has been closed
Received event: InventoryEvent[itemId=aa6dbebf-96e3-4d3c-b305-14185aab3106, stockDelta=3, eventType=STOCK_UPDATED, timestamp=2025-03-06T16:18:25.178649700Z]
]]></system-out>
    <system-err><![CDATA[WARNING: A Java agent has been loaded dynamically (C:\Users\Administrator\.m2\repository\net\bytebuddy\byte-buddy-agent\1.14.10\byte-buddy-agent-1.14.10.jar)
WARNING: If a serviceability tool is in use, please run with -XX:+EnableDynamicAgentLoading to hide this warning
WARNING: If a serviceability tool is not in use, please run with -Djdk.instrument.traceUsage for more information
WARNING: Dynamic loading of agents will be disallowed by default in a future release
]]></system-err>
  </testcase>
</testsuite>